current directory: /home/runner/work/R-intro/R-intro/.vendor/bundle/ruby/2.7.0/gems/commonmarker-0.23.4/ext/commonmarker
/opt/hostedtoolcache/Ruby/2.7.5/x64/bin/ruby -I /opt/hostedtoolcache/Ruby/2.7.5/x64/lib/ruby/2.7.0 -r ./siteconf20220406-11145-mjme1q.rb extconf.rb
creating Makefile

current directory: /home/runner/work/R-intro/R-intro/.vendor/bundle/ruby/2.7.0/gems/commonmarker-0.23.4/ext/commonmarker
make "DESTDIR=" clean
make[1]: Entering directory '/home/runner/work/R-intro/R-intro/.vendor/bundle/ruby/2.7.0/gems/commonmarker-0.23.4/ext/commonmarker'
Makefile:175: warning: overriding recipe for target 'clean'
>;lIV:175: warning: ignoring old recipe for target 'clean'
Makefile:182: warning: overriding recipe for target 'distclean'
>;lIV:182: warning: ignoring old recipe for target 'distclean'
Makefile:190: warning: overriding recipe for target 'install-so'
>;lIV:190: warning: ignoring old recipe for target 'install-so'
Makefile:200: warning: overriding recipe for target 'pre-install-rb-default'
>;lIV:200: warning: ignoring old recipe for target 'pre-install-rb-default'
Makefile:202: warning: overriding recipe for target '.sitearchdir.-.commonmarker.time'
>;lIV:202: warning: ignoring old recipe for target '.sitearchdir.-.commonmarker.time'
Makefile:212: warning: overriding recipe for target '.cc.o'
>;lIV:212: warning: ignoring old recipe for target '.cc.o'
Makefile:216: warning: overriding recipe for target '.cc.S'
>;lIV:216: warning: ignoring old recipe for target '.cc.S'
Makefile:220: warning: overriding recipe for target '.mm.o'
>;lIV:220: warning: ignoring old recipe for target '.mm.o'
Makefile:224: warning: overriding recipe for target '.mm.S'
>;lIV:224: warning: ignoring old recipe for target '.mm.S'
Makefile:228: warning: overriding recipe for target '.cxx.o'
>;lIV:228: warning: ignoring old recipe for target '.cxx.o'
Makefile:232: warning: overriding recipe for target '.cxx.S'
>;lIV:232: warning: ignoring old recipe for target '.cxx.S'
Makefile:236: warning: overriding recipe for target '.cpp.o'
>;lIV:236: warning: ignoring old recipe for target '.cpp.o'
Makefile:240: warning: overriding recipe for target '.cpp.S'
>;lIV:240: warning: ignoring old recipe for target '.cpp.S'
Makefile:244: warning: overriding recipe for target '.c.o'
>;lIV:244: warning: ignoring old recipe for target '.c.o'
Makefile:248: warning: overriding recipe for target '.c.S'
>;lIV:248: warning: ignoring old recipe for target '.c.S'
Makefile:252: warning: overriding recipe for target '.m.o'
>;lIV:252: warning: ignoring old recipe for target '.m.o'
Makefile:256: warning: overriding recipe for target '.m.S'
>;lIV:256: warning: ignoring old recipe for target '.m.S'
Makefile:260: warning: overriding recipe for target 'commonmarker.so'
>;lIV:260: warning: ignoring old recipe for target 'commonmarker.so'
make[1]: Leaving directory '/home/runner/work/R-intro/R-intro/.vendor/bundle/ruby/2.7.0/gems/commonmarker-0.23.4/ext/commonmarker'

current directory: /home/runner/work/R-intro/R-intro/.vendor/bundle/ruby/2.7.0/gems/commonmarker-0.23.4/ext/commonmarker
make "DESTDIR="
make[1]: Entering directory '/home/runner/work/R-intro/R-intro/.vendor/bundle/ruby/2.7.0/gems/commonmarker-0.23.4/ext/commonmarker'
Makefile:175: warning: overriding recipe for target 'clean'
N蜃ｽU:175: warning: ignoring old recipe for target 'clean'
Makefile:182: warning: overriding recipe for target 'distclean'
N蜃ｽU:182: warning: ignoring old recipe for target 'distclean'
Makefile:190: warning: overriding recipe for target 'install-so'
N蜃ｽU:190: warning: ignoring old recipe for target 'install-so'
Makefile:200: warning: overriding recipe for target 'pre-install-rb-default'
N蜃ｽU:200: warning: ignoring old recipe for target 'pre-install-rb-default'
Makefile:202: warning: overriding recipe for target '.sitearchdir.-.commonmarker.time'
N蜃ｽU:202: warning: ignoring old recipe for target '.sitearchdir.-.commonmarker.time'
Makefile:212: warning: overriding recipe for target '.cc.o'
N蜃ｽU:212: warning: ignoring old recipe for target '.cc.o'
Makefile:216: warning: overriding recipe for target '.cc.S'
N蜃ｽU:216: warning: ignoring old recipe for target '.cc.S'
Makefile:220: warning: overriding recipe for target '.mm.o'
N蜃ｽU:220: warning: ignoring old recipe for target '.mm.o'
Makefile:224: warning: overriding recipe for target '.mm.S'
N蜃ｽU:224: warning: ignoring old recipe for target '.mm.S'
Makefile:228: warning: overriding recipe for target '.cxx.o'
N蜃ｽU:228: warning: ignoring old recipe for target '.cxx.o'
Makefile:232: warning: overriding recipe for target '.cxx.S'
N蜃ｽU:232: warning: ignoring old recipe for target '.cxx.S'
Makefile:236: warning: overriding recipe for target '.cpp.o'
N蜃ｽU:236: warning: ignoring old recipe for target '.cpp.o'
Makefile:240: warning: overriding recipe for target '.cpp.S'
N蜃ｽU:240: warning: ignoring old recipe for target '.cpp.S'
Makefile:244: warning: overriding recipe for target '.c.o'
N蜃ｽU:244: warning: ignoring old recipe for target '.c.o'
Makefile:248: warning: overriding recipe for target '.c.S'
N蜃ｽU:248: warning: ignoring old recipe for target '.c.S'
Makefile:252: warning: overriding recipe for target '.m.o'
N蜃ｽU:252: warning: ignoring old recipe for target '.m.o'
Makefile:256: warning: overriding recipe for target '.m.S'
N蜃ｽU:256: warning: ignoring old recipe for target '.m.S'
Makefile:260: warning: overriding recipe for target 'commonmarker.so'
N蜃ｽU:260: warning: ignoring old recipe for target 'commonmarker.so'
compiling arena.c
compiling autolink.c
compiling blocks.c
compiling buffer.c
compiling cmark.c
compiling cmark_ctype.c
compiling commonmark.c
compiling commonmarker.c
In file included from houdini.h:9,
                 from commonmarker.c:3:
config.h:8: warning: "HAVE_STDBOOL_H" redefined
    8 | #define HAVE_STDBOOL_H
      | 
In file included from /opt/hostedtoolcache/Ruby/2.7.5/x64/include/ruby-2.7.0/ruby/ruby.h:24,
                 from /opt/hostedtoolcache/Ruby/2.7.5/x64/include/ruby-2.7.0/ruby.h:33,
                 from commonmarker.h:9,
                 from commonmarker.c:1:
/opt/hostedtoolcache/Ruby/2.7.5/x64/include/ruby-2.7.0/x86_64-linux/ruby/config.h:26: note: this is the location of the previous definition
   26 | #define HAVE_STDBOOL_H 1
      | 
compiling core-extensions.c
compiling ext_scanners.c
compiling footnotes.c
compiling houdini_href_e.c
compiling houdini_html_e.c
compiling houdini_html_u.c
compiling html.c
compiling inlines.c
compiling iterator.c
compiling latex.c
compiling linked_list.c
compiling man.c
compiling map.c
compiling node.c
compiling plaintext.c
compiling plugin.c
compiling references.c
compiling registry.c
compiling render.c
compiling scanners.c
compiling strikethrough.c
compiling syntax_extension.c
compiling table.c
compiling tagfilter.c
compiling tasklist.c
compiling utf8.c
compiling xml.c
linking shared-object commonmarker/commonmarker.so
make[1]: Leaving directory '/home/runner/work/R-intro/R-intro/.vendor/bundle/ruby/2.7.0/gems/commonmarker-0.23.4/ext/commonmarker'

current directory: /home/runner/work/R-intro/R-intro/.vendor/bundle/ruby/2.7.0/gems/commonmarker-0.23.4/ext/commonmarker
make "DESTDIR=" install
make[1]: Entering directory '/home/runner/work/R-intro/R-intro/.vendor/bundle/ruby/2.7.0/gems/commonmarker-0.23.4/ext/commonmarker'
Makefile:175: warning: overriding recipe for target 'clean'
^SｵｷU:175: warning: ignoring old recipe for target 'clean'
Makefile:182: warning: overriding recipe for target 'distclean'
^SｵｷU:182: warning: ignoring old recipe for target 'distclean'
Makefile:190: warning: overriding recipe for target 'install-so'
^SｵｷU:190: warning: ignoring old recipe for target 'install-so'
Makefile:200: warning: overriding recipe for target 'pre-install-rb-default'
^SｵｷU:200: warning: ignoring old recipe for target 'pre-install-rb-default'
Makefile:202: warning: overriding recipe for target '.sitearchdir.-.commonmarker.time'
^SｵｷU:202: warning: ignoring old recipe for target '.sitearchdir.-.commonmarker.time'
Makefile:212: warning: overriding recipe for target '.cc.o'
^SｵｷU:212: warning: ignoring old recipe for target '.cc.o'
Makefile:216: warning: overriding recipe for target '.cc.S'
^SｵｷU:216: warning: ignoring old recipe for target '.cc.S'
Makefile:220: warning: overriding recipe for target '.mm.o'
^SｵｷU:220: warning: ignoring old recipe for target '.mm.o'
Makefile:224: warning: overriding recipe for target '.mm.S'
^SｵｷU:224: warning: ignoring old recipe for target '.mm.S'
Makefile:228: warning: overriding recipe for target '.cxx.o'
^SｵｷU:228: warning: ignoring old recipe for target '.cxx.o'
Makefile:232: warning: overriding recipe for target '.cxx.S'
^SｵｷU:232: warning: ignoring old recipe for target '.cxx.S'
Makefile:236: warning: overriding recipe for target '.cpp.o'
^SｵｷU:236: warning: ignoring old recipe for target '.cpp.o'
Makefile:240: warning: overriding recipe for target '.cpp.S'
^SｵｷU:240: warning: ignoring old recipe for target '.cpp.S'
Makefile:244: warning: overriding recipe for target '.c.o'
^SｵｷU:244: warning: ignoring old recipe for target '.c.o'
Makefile:248: warning: overriding recipe for target '.c.S'
^SｵｷU:248: warning: ignoring old recipe for target '.c.S'
Makefile:252: warning: overriding recipe for target '.m.o'
^SｵｷU:252: warning: ignoring old recipe for target '.m.o'
Makefile:256: warning: overriding recipe for target '.m.S'
^SｵｷU:256: warning: ignoring old recipe for target '.m.S'
Makefile:260: warning: overriding recipe for target 'commonmarker.so'
^SｵｷU:260: warning: ignoring old recipe for target 'commonmarker.so'
/usr/bin/install -c -m 0755 commonmarker.so ./.gem.20220406-11145-1sb1lnc/commonmarker
make[1]: Leaving directory '/home/runner/work/R-intro/R-intro/.vendor/bundle/ruby/2.7.0/gems/commonmarker-0.23.4/ext/commonmarker'
